<?xml version="1.0" encoding="UTF-8"?>
<!-- Generated by org.testng.reporters.JUnitReportReporter -->
<testsuite hostname="kemas" failures="0" tests="1" name="com.mohs10.scripts.HomeTest" time="46.819" errors="0" timestamp="2022-11-30T14:36:32 IST" skipped="0">
  <testcase classname="com.mohs10.scripts.HomeTest" name="LoginPageTestCase" time="46.819"/>
  <system-out/>
</testsuite> <!-- com.mohs10.scripts.HomeTest -->
