<?xml version="1.0" encoding="UTF-8"?>
<!-- Generated by org.testng.reporters.JUnitReportReporter -->
<testsuite hostname="kemas" failures="0" tests="1" name="com.mohs10.Report.PDFReportTest" time="0.985" errors="0" timestamp="2022-11-18T17:44:47 IST" skipped="0">
  <testcase classname="com.mohs10.Report.PDFReportTest" name="pdf" time="0.985"/>
  <system-out/>
</testsuite> <!-- com.mohs10.Report.PDFReportTest -->
