<?xml version="1.0" encoding="UTF-8"?>
<!-- Generated by org.testng.reporters.JUnitReportReporter -->
<testsuite hostname="DESKTOP-AM6U94K" failures="0" tests="1" name="com.mohs10.base.PDFReportTest" time="2.267" errors="0" timestamp="2022-11-10T19:23:31 IST" skipped="0">
  <testcase classname="com.mohs10.base.PDFReportTest" name="f" time="2.267"/>
  <system-out/>
</testsuite> <!-- com.mohs10.base.PDFReportTest -->
