<?xml version="1.0" encoding="UTF-8"?>
<!-- Generated by org.testng.reporters.JUnitReportReporter -->
<testsuite hostname="kemas" failures="0" tests="5" name="com.mohs10.scripts.HomeTest" time="40.903" errors="0" timestamp="2022-11-17T11:48:56 IST" skipped="0">
  <testcase classname="com.mohs10.scripts.HomeTest" name="LoginPageTestCase" time="12.318"/>
  <system-out/>
  <testcase classname="com.mohs10.scripts.HomeTest" name="GotoDashboard" time="5.282"/>
  <system-out/>
  <testcase classname="com.mohs10.scripts.HomeTest" name="PhcUser_TestCase" time="7.049"/>
  <system-out/>
  <testcase classname="com.mohs10.scripts.HomeTest" name="ListHealthSeeker_TestCase" time="7.403"/>
  <system-out/>
  <testcase classname="com.mohs10.scripts.HomeTest" name="Preg_mother_TestCase" time="8.851"/>
  <system-out/>
</testsuite> <!-- com.mohs10.scripts.HomeTest -->
