<?xml version="1.0" encoding="UTF-8"?>
<!-- Generated by org.testng.reporters.JUnitReportReporter -->
<testsuite hostname="kemas" failures="0" tests="1" name="com.mohs10.Report.PDFReportTest" time="0.858" errors="0" timestamp="2022-11-17T11:48:56 IST" skipped="0">
  <testcase classname="com.mohs10.Report.PDFReportTest" name="f" time="0.858"/>
  <system-out/>
</testsuite> <!-- com.mohs10.Report.PDFReportTest -->
